2022-06-27 11:16:41.375 [main] INFO  com.vip.file.FileApplication - Starting FileApplication on DESKTOP-HDQ3GBR with PID 30984 (started by Administrator in D:\graduateCode\商发\trunck\shangfaAPI)
2022-06-27 11:16:41.375 [main] INFO  com.vip.file.FileApplication - No active profile set, falling back to default profiles: default
2022-06-27 11:16:42.313 [main] INFO  o.s.c.s.PostProcessorRegistrationDelegate$BeanPostProcessorChecker - Bean 'org.springframework.transaction.annotation.ProxyTransactionManagementConfiguration' of type [org.springframework.transaction.annotation.ProxyTransactionManagementConfiguration] is not eligible for getting processed by all BeanPostProcessors (for example: not eligible for auto-proxying)
2022-06-27 11:16:42.516 [main] INFO  o.s.boot.web.embedded.tomcat.TomcatWebServer - Tomcat initialized with port(s): 9555 (http)
2022-06-27 11:16:42.516 [main] INFO  org.apache.coyote.http11.Http11NioProtocol - Initializing ProtocolHandler ["http-nio-9555"]
2022-06-27 11:16:42.516 [main] INFO  org.apache.catalina.core.StandardService - Starting service [Tomcat]
2022-06-27 11:16:42.516 [main] INFO  org.apache.catalina.core.StandardEngine - Starting Servlet engine: [Apache Tomcat/9.0.29]
2022-06-27 11:16:42.626 [main] INFO  o.a.c.core.ContainerBase.[Tomcat].[localhost].[/] - Initializing Spring embedded WebApplicationContext
2022-06-27 11:16:42.626 [main] INFO  org.springframework.web.context.ContextLoader - Root WebApplicationContext: initialization completed in 1204 ms
2022-06-27 11:16:42.751 [main] INFO  c.a.d.s.b.a.DruidDataSourceAutoConfigure - Init DruidDataSource
2022-06-27 11:16:42.829 [main] INFO  com.alibaba.druid.pool.DruidDataSource - {dataSource-1} inited
2022-06-27 11:16:43.831 [main] INFO  o.s.scheduling.concurrent.ThreadPoolTaskExecutor - Initializing ExecutorService 'applicationTaskExecutor'
2022-06-27 11:16:43.877 [main] INFO  o.s.b.a.web.servlet.WelcomePageHandlerMapping - Adding welcome page: class path resource [static/index.html]
2022-06-27 11:16:43.956 [main] INFO  s.d.s.w.PropertySourcedRequestMappingHandlerMapping - Mapped URL path [/v2/api-docs] onto method [springfox.documentation.swagger2.web.Swagger2Controller#getDocumentation(String, HttpServletRequest)]
2022-06-27 11:16:44.034 [main] INFO  s.d.s.web.plugins.DocumentationPluginsBootstrapper - Context refreshed
2022-06-27 11:16:44.049 [main] INFO  s.d.s.web.plugins.DocumentationPluginsBootstrapper - Found 1 custom documentation plugin(s)
2022-06-27 11:16:44.081 [main] INFO  s.d.spring.web.scanners.ApiListingReferenceScanner - Scanning for api listing references
2022-06-27 11:16:44.206 [main] INFO  s.d.s.w.r.operation.CachingOperationNameGenerator - Generating unique operation named: getFileListUsingGET_1
2022-06-27 11:16:44.221 [main] INFO  s.d.s.w.r.operation.CachingOperationNameGenerator - Generating unique operation named: viewFilesImageUsingGET_1
2022-06-27 11:16:44.221 [main] INFO  s.d.s.w.r.operation.CachingOperationNameGenerator - Generating unique operation named: addFileUsingPOST_1
2022-06-27 11:16:44.221 [main] INFO  s.d.s.w.r.operation.CachingOperationNameGenerator - Generating unique operation named: breakpointResumeUploadUsingPOST_1
2022-06-27 11:16:44.221 [main] INFO  s.d.s.w.r.operation.CachingOperationNameGenerator - Generating unique operation named: checkFileMd5UsingGET_1
2022-06-27 11:16:44.221 [main] INFO  s.d.s.w.r.operation.CachingOperationNameGenerator - Generating unique operation named: deleteFileUsingGET_1
2022-06-27 11:16:44.237 [main] INFO  s.d.s.w.r.operation.CachingOperationNameGenerator - Generating unique operation named: getFileListUsingGET_2
2022-06-27 11:16:44.237 [main] INFO  s.d.s.w.r.operation.CachingOperationNameGenerator - Generating unique operation named: uploadFilesUsingPOST_1
2022-06-27 11:16:44.237 [main] INFO  s.d.s.w.r.operation.CachingOperationNameGenerator - Generating unique operation named: viewFilesImageUsingGET_2
2022-06-27 11:16:44.237 [main] INFO  s.d.s.w.r.operation.CachingOperationNameGenerator - Generating unique operation named: viewFilesImageUsingGET_3
2022-06-27 11:16:44.252 [main] INFO  org.apache.coyote.http11.Http11NioProtocol - Starting ProtocolHandler ["http-nio-9555"]
2022-06-27 11:16:44.268 [main] INFO  o.s.boot.web.embedded.tomcat.TomcatWebServer - Tomcat started on port(s): 9555 (http) with context path ''
2022-06-27 11:16:44.268 [main] INFO  com.vip.file.FileApplication - Started FileApplication in 3.353 seconds (JVM running for 4.864)
